H:\电子设计\项目_NEW\LPC1768网络继电器\REALYAPPWINDOWS\RELAYCONTROL\DEBUG\RELAYCONTROL.EXE
H:\电子设计\项目_NEW\LPC1768网络继电器\REALYAPPWINDOWS\RELAYCONTROL\DEBUG\RELAYCONTROL.ILK
H:\电子设计\项目_NEW\LPC1768网络继电器\REALYAPPWINDOWS\RELAYCONTROL\DEBUG\RELAYCONTROL.PDB
H:\电子设计\项目_NEW\LPC1768网络继电器\REALYAPPWINDOWS\RELAYCONTROL\RELAYCONTROL\DEBUG\.NETFRAMEWORK,VERSION=V4.0.ASSEMBLYATTRIBUTES.OBJ
H:\电子设计\项目_NEW\LPC1768网络继电器\REALYAPPWINDOWS\RELAYCONTROL\RELAYCONTROL\DEBUG\APP.RES
H:\电子设计\项目_NEW\LPC1768网络继电器\REALYAPPWINDOWS\RELAYCONTROL\RELAYCONTROL\DEBUG\ASSEMBLYINFO.OBJ
H:\电子设计\项目_new\LPC1768网络继电器\RealyAppWindows\RelayControl\RelayControl\Debug\cl.command.1.tlog
H:\电子设计\项目_new\LPC1768网络继电器\RealyAppWindows\RelayControl\RelayControl\Debug\CL.read.1.tlog
H:\电子设计\项目_new\LPC1768网络继电器\RealyAppWindows\RelayControl\RelayControl\Debug\CL.write.1.tlog
H:\电子设计\项目_new\LPC1768网络继电器\RealyAppWindows\RelayControl\RelayControl\Debug\GenerateResource.read.1.tlog
H:\电子设计\项目_new\LPC1768网络继电器\RealyAppWindows\RelayControl\RelayControl\Debug\GenerateResource.read.119.tlog
H:\电子设计\项目_new\LPC1768网络继电器\RealyAppWindows\RelayControl\RelayControl\Debug\GenerateResource.read.2.tlog
H:\电子设计\项目_new\LPC1768网络继电器\RealyAppWindows\RelayControl\RelayControl\Debug\GenerateResource.write.1.tlog
H:\电子设计\项目_new\LPC1768网络继电器\RealyAppWindows\RelayControl\RelayControl\Debug\GenerateResource.write.119.tlog
H:\电子设计\项目_new\LPC1768网络继电器\RealyAppWindows\RelayControl\RelayControl\Debug\link.2156.read.1.tlog
H:\电子设计\项目_new\LPC1768网络继电器\RealyAppWindows\RelayControl\RelayControl\Debug\link.2156.write.1.tlog
H:\电子设计\项目_new\LPC1768网络继电器\RealyAppWindows\RelayControl\RelayControl\Debug\link.2156-cvtres.read.1.tlog
H:\电子设计\项目_new\LPC1768网络继电器\RealyAppWindows\RelayControl\RelayControl\Debug\link.2156-cvtres.write.1.tlog
H:\电子设计\项目_new\LPC1768网络继电器\RealyAppWindows\RelayControl\RelayControl\Debug\link.4500.read.1.tlog
H:\电子设计\项目_new\LPC1768网络继电器\RealyAppWindows\RelayControl\RelayControl\Debug\link.4500.write.1.tlog
H:\电子设计\项目_new\LPC1768网络继电器\RealyAppWindows\RelayControl\RelayControl\Debug\link.4500-cvtres.read.1.tlog
H:\电子设计\项目_new\LPC1768网络继电器\RealyAppWindows\RelayControl\RelayControl\Debug\link.4500-cvtres.write.1.tlog
H:\电子设计\项目_new\LPC1768网络继电器\RealyAppWindows\RelayControl\RelayControl\Debug\link.5180.read.1.tlog
H:\电子设计\项目_new\LPC1768网络继电器\RealyAppWindows\RelayControl\RelayControl\Debug\link.5180.write.1.tlog
H:\电子设计\项目_new\LPC1768网络继电器\RealyAppWindows\RelayControl\RelayControl\Debug\link.5180-cvtres.read.1.tlog
H:\电子设计\项目_new\LPC1768网络继电器\RealyAppWindows\RelayControl\RelayControl\Debug\link.5180-cvtres.write.1.tlog
H:\电子设计\项目_new\LPC1768网络继电器\RealyAppWindows\RelayControl\RelayControl\Debug\link.command.1.tlog
H:\电子设计\项目_new\LPC1768网络继电器\RealyAppWindows\RelayControl\RelayControl\Debug\link.read.1.tlog
H:\电子设计\项目_new\LPC1768网络继电器\RealyAppWindows\RelayControl\RelayControl\Debug\link.write.1.tlog
H:\电子设计\项目_new\LPC1768网络继电器\RealyAppWindows\RelayControl\RelayControl\Debug\mt.command.1.tlog
H:\电子设计\项目_new\LPC1768网络继电器\RealyAppWindows\RelayControl\RelayControl\Debug\mt.read.1.tlog
H:\电子设计\项目_new\LPC1768网络继电器\RealyAppWindows\RelayControl\RelayControl\Debug\mt.write.1.tlog
H:\电子设计\项目_new\LPC1768网络继电器\RealyAppWindows\RelayControl\RelayControl\Debug\rc.command.1.tlog
H:\电子设计\项目_new\LPC1768网络继电器\RealyAppWindows\RelayControl\RelayControl\Debug\rc.read.1.tlog
H:\电子设计\项目_new\LPC1768网络继电器\RealyAppWindows\RelayControl\RelayControl\Debug\rc.write.1.tlog
H:\电子设计\项目_NEW\LPC1768网络继电器\REALYAPPWINDOWS\RELAYCONTROL\RELAYCONTROL\DEBUG\RELAYCONTROL.EXE.INTERMEDIATE.MANIFEST
H:\电子设计\项目_NEW\LPC1768网络继电器\REALYAPPWINDOWS\RELAYCONTROL\RELAYCONTROL\DEBUG\RELAYCONTROL.FORM1.RESOURCES
H:\电子设计\项目_NEW\LPC1768网络继电器\REALYAPPWINDOWS\RELAYCONTROL\RELAYCONTROL\DEBUG\RELAYCONTROL.OBJ
H:\电子设计\项目_NEW\LPC1768网络继电器\REALYAPPWINDOWS\RELAYCONTROL\RELAYCONTROL\DEBUG\RELAYCONTROL.PCH
H:\电子设计\项目_new\LPC1768网络继电器\RealyAppWindows\RelayControl\RelayControl\Debug\RelayControl.write.1.tlog
H:\电子设计\项目_NEW\LPC1768网络继电器\REALYAPPWINDOWS\RELAYCONTROL\RELAYCONTROL\DEBUG\STDAFX.OBJ
H:\电子设计\项目_NEW\LPC1768网络继电器\REALYAPPWINDOWS\RELAYCONTROL\RELAYCONTROL\DEBUG\VC100.PDB
