生成启动时间为 2014/7/2 22:02:44。
     1>项目“H:\电子设计\项目_new\LPC1768网络继电器\RealyAppWindows\RelayControl\RelayControl\RelayControl.vcxproj”在节点 2 上(build 个目标)。
     1>InitializeBuildStatus:
         正在创建“Debug\RelayControl.unsuccessfulbuild”，因为已指定“AlwaysCreate”。
       GenerateTargetFrameworkMonikerAttribute:
       正在跳过目标“GenerateTargetFrameworkMonikerAttribute”，因为所有输出文件相对于输入文件而言都是最新的。
       ClCompile:
         所有输出均为最新。
         所有输出均为最新。
         所有输出均为最新。
       CoreResGen:
         所有输出均为最新。
       ResourceCompile:
         所有输出均为最新。
       Link:
         C:\Program Files\Microsoft Visual Studio 10.0\VC\bin\link.exe /ERRORREPORT:PROMPT /OUT:"H:\电子设计\项目_new\LPC1768网络继电器\RealyAppWindows\RelayControl\Debug\RelayControl.exe" /INCREMENTAL /NOLOGO /ASSEMBLYRESOURCE:Debug\RelayControl.Form1.resources /MANIFEST /ManifestFile:"Debug\RelayControl.exe.intermediate.manifest" /MANIFESTUAC:"level='asInvoker' uiAccess='false'" /DEBUG /PDB:"H:\电子设计\项目_new\LPC1768网络继电器\RealyAppWindows\RelayControl\Debug\RelayControl.pdb" /ASSEMBLYDEBUG /SUBSYSTEM:WINDOWS /TLBID:1 /ENTRY:"main" /DYNAMICBASE /FIXED:NO /NXCOMPAT /MACHINE:X86 Debug\app.res
         Debug\AssemblyInfo.obj
         Debug\RelayControl.obj
         Debug\stdafx.obj
         "Debug\.NETFramework,Version=v4.0.AssemblyAttributes.obj"
         RelayControl.vcxproj -> H:\电子设计\项目_new\LPC1768网络继电器\RealyAppWindows\RelayControl\Debug\RelayControl.exe
       Manifest:
         C:\Program Files\Microsoft SDKs\Windows\v7.0A\bin\mt.exe /nologo /verbose /outputresource:"H:\电子设计\项目_new\LPC1768网络继电器\RealyAppWindows\RelayControl\Debug\RelayControl.exe;#1" /manifest Debug\RelayControl.exe.intermediate.manifest
       FinalizeBuildStatus:
         正在删除文件“Debug\RelayControl.unsuccessfulbuild”。
         正在对“Debug\RelayControl.lastbuildstate”执行 Touch 任务。
     1>已完成生成项目“H:\电子设计\项目_new\LPC1768网络继电器\RealyAppWindows\RelayControl\RelayControl\RelayControl.vcxproj”(build 个目标)的操作。

生成成功。

已用时间 00:00:00.49
